# JRE version: OpenJDK Runtime Environment (17.0+35) (build 17+35-2724)
# Java VM: OpenJDK 64-Bit Server VM (17+35-2724, mixed mode, sharing, tiered, compressed oops, compressed class ptrs, g1 gc, linux-amd64)
GC Precious Log:
 CPUs: 12 total, 12 available
 Memory: 31847M
 Large Page Support: Disabled
 NUMA Support: Disabled
 Compressed Oops: Enabled (Zero based)
 Heap Region Size: 4M
 Heap Min Capacity: 8M
 Heap Initial Capacity: 500M
 Heap Max Capacity: 7964M
 Pre-touch: Disabled
 Parallel Workers: 10
 Concurrent Workers: 3
 Concurrent Refinement Workers: 10
 Periodic GC: Disabled
Heap:
 garbage-first heap   total 614400K, used 189024K [0x000000060e400000, 0x0000000800000000)
  region size 4096K, 25 young (102400K), 1 survivors (4096K)
 Metaspace       used 39900K, committed 40256K, reserved 1089536K
  class space    used 4575K, committed 4736K, reserved 1048576K
GC Heap History (20 events):
Event: 4,212 GC heap before
{Heap before GC invocations=10 (full 0):
 garbage-first heap   total 704512K, used 485560K [0x000000060e400000, 0x0000000800000000)
  region size 4096K, 63 young (258048K), 10 survivors (40960K)
 Metaspace       used 19837K, committed 20096K, reserved 1073152K
  class space    used 2264K, committed 2368K, reserved 1048576K
}
Event: 4,236 GC heap after
{Heap after GC invocations=11 (full 0):
 garbage-first heap   total 1409024K, used 308120K [0x000000060e400000, 0x0000000800000000)
  region size 4096K, 8 young (32768K), 8 survivors (32768K)
 Metaspace       used 19837K, committed 20096K, reserved 1073152K
  class space    used 2264K, committed 2368K, reserved 1048576K
}
Event: 4,288 GC heap before
{Heap before GC invocations=11 (full 0):
 garbage-first heap   total 1409024K, used 316312K [0x000000060e400000, 0x0000000800000000)
  region size 4096K, 11 young (45056K), 8 survivors (32768K)
 Metaspace       used 21312K, committed 21504K, reserved 1073152K
  class space    used 2425K, committed 2560K, reserved 1048576K
}
Event: 4,298 GC heap after
{Heap after GC invocations=12 (full 0):
 garbage-first heap   total 1409024K, used 310821K [0x000000060e400000, 0x0000000800000000)
  region size 4096K, 9 young (36864K), 9 survivors (36864K)
 Metaspace       used 21312K, committed 21504K, reserved 1073152K
  class space    used 2425K, committed 2560K, reserved 1048576K
}
Event: 5,220 GC heap before
{Heap before GC invocations=13 (full 0):
 garbage-first heap   total 860160K, used 712229K [0x000000060e400000, 0x0000000800000000)
  region size 4096K, 124 young (507904K), 9 survivors (36864K)
 Metaspace       used 24989K, committed 25152K, reserved 1073152K
  class space    used 2866K, committed 2944K, reserved 1048576K
}
Event: 5,249 GC heap after
{Heap after GC invocations=14 (full 0):
 garbage-first heap   total 860160K, used 313551K [0x000000060e400000, 0x0000000800000000)
  region size 4096K, 22 young (90112K), 22 survivors (90112K)
 Metaspace       used 24989K, committed 25152K, reserved 1073152K
  class space    used 2866K, committed 2944K, reserved 1048576K
}
Event: 5,250 GC heap before
{Heap before GC invocations=14 (full 0):
 garbage-first heap   total 860160K, used 317647K [0x000000060e400000, 0x0000000800000000)
  region size 4096K, 23 young (94208K), 22 survivors (90112K)
 Metaspace       used 24990K, committed 25152K, reserved 1073152K
  class space    used 2866K, committed 2944K, reserved 1048576K
}
Event: 5,271 GC heap after
{Heap after GC invocations=15 (full 0):
 garbage-first heap   total 860160K, used 245728K [0x000000060e400000, 0x0000000800000000)
  region size 4096K, 3 young (12288K), 3 survivors (12288K)
 Metaspace       used 24990K, committed 25152K, reserved 1073152K
  class space    used 2866K, committed 2944K, reserved 1048576K
}
Event: 5,275 GC heap before
{Heap before GC invocations=15 (full 0):
 garbage-first heap   total 860160K, used 270304K [0x000000060e400000, 0x0000000800000000)
  region size 4096K, 10 young (40960K), 3 survivors (12288K)
 Metaspace       used 24990K, committed 25152K, reserved 1073152K
  class space    used 2866K, committed 2944K, reserved 1048576K
}
Event: 5,279 GC heap after
{Heap after GC invocations=16 (full 0):
 garbage-first heap   total 860160K, used 234875K [0x000000060e400000, 0x0000000800000000)
  region size 4096K, 2 young (8192K), 2 survivors (8192K)
 Metaspace       used 24990K, committed 25152K, reserved 1073152K
  class space    used 2866K, committed 2944K, reserved 1048576K
}
Event: 6,569 GC heap before
{Heap before GC invocations=16 (full 0):
 garbage-first heap   total 860160K, used 415099K [0x000000060e400000, 0x0000000800000000)
  region size 4096K, 48 young (196608K), 2 survivors (8192K)
 Metaspace       used 36272K, committed 36608K, reserved 1081344K
  class space    used 4217K, committed 4416K, reserved 1048576K
}
Event: 6,589 GC heap after
{Heap after GC invocations=17 (full 0):
 garbage-first heap   total 2580480K, used 254228K [0x000000060e400000, 0x0000000800000000)
  region size 4096K, 7 young (28672K), 7 survivors (28672K)
 Metaspace       used 36272K, committed 36608K, reserved 1081344K
  class space    used 4217K, committed 4416K, reserved 1048576K
}
Event: 17,578 GC heap before
{Heap before GC invocations=18 (full 0):
 garbage-first heap   total 614400K, used 508180K [0x000000060e400000, 0x0000000800000000)
  region size 4096K, 91 young (372736K), 7 survivors (28672K)
 Metaspace       used 39598K, committed 39936K, reserved 1089536K
  class space    used 4571K, committed 4736K, reserved 1048576K
}
Event: 17,590 GC heap after
{Heap after GC invocations=19 (full 0):
 garbage-first heap   total 614400K, used 170604K [0x000000060e400000, 0x0000000800000000)
  region size 4096K, 8 young (32768K), 8 survivors (32768K)
 Metaspace       used 39598K, committed 39936K, reserved 1089536K
  class space    used 4571K, committed 4736K, reserved 1048576K
}
Event: 17,605 GC heap before
{Heap before GC invocations=19 (full 0):
 garbage-first heap   total 614400K, used 174700K [0x000000060e400000, 0x0000000800000000)
  region size 4096K, 9 young (36864K), 8 survivors (32768K)
 Metaspace       used 39608K, committed 39936K, reserved 1089536K
  class space    used 4572K, committed 4736K, reserved 1048576K
}
Event: 17,614 GC heap after
{Heap after GC invocations=20 (full 0):
 garbage-first heap   total 614400K, used 114136K [0x000000060e400000, 0x0000000800000000)
  region size 4096K, 2 young (8192K), 2 survivors (8192K)
 Metaspace       used 39608K, committed 39936K, reserved 1089536K
  class space    used 4572K, committed 4736K, reserved 1048576K
}
Event: 17,742 GC heap before
{Heap before GC invocations=20 (full 0):
 garbage-first heap   total 614400K, used 134616K [0x000000060e400000, 0x0000000800000000)
  region size 4096K, 7 young (28672K), 2 survivors (8192K)
 Metaspace       used 39626K, committed 39936K, reserved 1089536K
  class space    used 4572K, committed 4736K, reserved 1048576K
}
Event: 17,746 GC heap after
{Heap after GC invocations=21 (full 0):
 garbage-first heap   total 614400K, used 93520K [0x000000060e400000, 0x0000000800000000)
  region size 4096K, 1 young (4096K), 1 survivors (4096K)
 Metaspace       used 39626K, committed 39936K, reserved 1089536K
  class space    used 4572K, committed 4736K, reserved 1048576K
}
Event: 19,414 GC heap before
{Heap before GC invocations=21 (full 0):
 garbage-first heap   total 614400K, used 437584K [0x000000060e400000, 0x0000000800000000)
  region size 4096K, 85 young (348160K), 1 survivors (4096K)
 Metaspace       used 39841K, committed 40128K, reserved 1089536K
  class space    used 4573K, committed 4736K, reserved 1048576K
}
Event: 19,420 GC heap after
{Heap after GC invocations=22 (full 0):
 garbage-first heap   total 614400K, used 94816K [0x000000060e400000, 0x0000000800000000)
  region size 4096K, 1 young (4096K), 1 survivors (4096K)
 Metaspace       used 39841K, committed 40128K, reserved 1089536K
  class space    used 4573K, committed 4736K, reserved 1048576K
}

